2014-12-11 03:26:46.068000:iniciado modo de prueba
2014-12-11 03:26:46.759000:precionada la tecla número 3
2014-12-11 03:26:47.335000:precionada la tecla número 2
2014-12-11 03:26:47.991000:precionada la tecla número 0
2014-12-11 03:26:48.823000:precionada la tecla número 1
2014-12-11 03:26:49.591000:precionada la tecla número 1
2014-12-11 03:26:50.488000:precionada la tecla número 0
2014-12-11 03:26:51.367000:precionada la tecla número 3
2014-12-11 03:26:52.055000:precionada la tecla número 3
2014-12-11 03:26:52.695000:precionada la tecla número 2
2014-12-11 03:26:55.975000:precionada la tecla número 1
2014-12-11 03:26:58.391000:precionada la tecla número 0
2014-12-11 03:26:58.599000:precionada la tecla número 0
2014-12-11 03:26:59.175000:precionada la tecla número 3
2014-12-11 03:26:59.927000:precionada la tecla número 0
2014-12-11 03:27:00.874000:cierre por escape
2014-12-11 03:30:14.049000:iniciado modo de prueba
2014-12-11 03:30:14.499000:precionada la tecla número 2
2014-12-11 03:30:14.995000:precionada la tecla número 0
2014-12-11 03:30:15.507000:precionada la tecla número 3
2014-12-11 03:30:15.988000:precionada la tecla número 1
2014-12-11 03:30:16.468000:precionada la tecla número 0
2014-12-11 03:30:16.980000:precionada la tecla número 0
2014-12-11 03:30:17.236000:precionada la tecla número 2
2014-12-11 03:30:17.476000:precionada la tecla número 3
2014-12-11 03:30:17.988000:precionada la tecla número 3
2014-12-11 03:30:18.452000:precionada la tecla número 0
2014-12-11 03:30:18.980000:precionada la tecla número 0
2014-12-11 03:30:19.220000:precionada la tecla número 2
2014-12-11 03:30:19.476000:precionada la tecla número 2
2014-12-11 03:30:19.956000:precionada la tecla número 1
2014-12-11 03:30:20.420000:precionada la tecla número 0
2014-12-11 03:30:20.628000:precionada la tecla número 0
2014-12-11 03:30:20.900000:precionada la tecla número 3
2014-12-11 03:30:21.124000:precionada la tecla número 0
2014-12-11 03:30:21.332000:precionada la tecla número 2
2014-12-11 03:30:21.828000:precionada la tecla número 1
2014-12-11 03:30:22.308000:precionada la tecla número 3
2014-12-11 03:30:22.740000:precionada la tecla número 3
2014-12-11 03:30:23.236000:precionada la tecla número 2
2014-12-11 03:30:23.460000:precionada la tecla número 2
2014-12-11 03:30:23.684000:precionada la tecla número 2
2014-12-11 03:30:24.164000:precionada la tecla número 0
2014-12-11 03:30:24.628000:precionada la tecla número 0
2014-12-11 03:30:25.140000:precionada la tecla número 1
2014-12-11 03:30:26.008000:cierre por escape
2014-12-11 03:31:15.512000:iniciado modo de prueba
2014-12-11 03:31:16.378000:precionada la tecla número 0
2014-12-11 03:31:16.810000:precionada la tecla número 1
2014-12-11 03:31:17.322000:precionada la tecla número 0
2014-12-11 03:31:17.530000:precionada la tecla número 0
2014-12-11 03:31:17.802000:precionada la tecla número 1
2014-12-11 03:31:18.282000:precionada la tecla número 2
2014-12-11 03:31:18.778000:precionada la tecla número 3
2014-12-11 03:31:19.050000:precionada la tecla número 1
2014-12-11 03:31:19.290000:precionada la tecla número 0
2014-12-11 03:31:19.530000:precionada la tecla número 0
2014-12-11 03:31:19.754000:precionada la tecla número 1
2014-12-11 03:31:19.994000:precionada la tecla número 0
2014-12-11 03:31:20.218000:precionada la tecla número 2
2014-12-11 03:31:20.666000:precionada la tecla número 1
2014-12-11 03:31:20.906000:precionada la tecla número 0
2014-12-11 03:31:21.130000:precionada la tecla número 1
2014-12-11 03:31:21.274000:precionada la tecla número 1
2014-12-11 03:31:21.386000:precionada la tecla número 1
2014-12-11 03:31:21.610000:precionada la tecla número 0
2014-12-11 03:31:21.850000:precionada la tecla número 1
2014-12-11 03:31:22.058000:precionada la tecla número 3
2014-12-11 03:31:22.538000:precionada la tecla número 0
2014-12-11 03:31:22.762000:precionada la tecla número 1
2014-12-11 03:31:23.002000:precionada la tecla número 0
2014-12-11 03:31:23.146000:precionada la tecla número 0
2014-12-11 03:31:23.258000:precionada la tecla número 0
2014-12-11 03:31:23.562000:precionada la tecla número 1
2014-12-11 03:31:23.754000:precionada la tecla número 1
2014-12-11 03:31:24.042000:precionada la tecla número 0
2014-12-11 03:31:24.522000:precionada la tecla número 1
2014-12-11 03:31:24.970000:precionada la tecla número 0
2014-12-11 03:31:25.098000:precionada la tecla número 0
2014-12-11 03:31:25.210000:precionada la tecla número 0
2014-12-11 03:31:25.466000:precionada la tecla número 1
2014-12-11 03:31:25.674000:precionada la tecla número 1
2014-12-11 03:31:25.931000:precionada la tecla número 0
2014-12-11 03:31:26.411000:precionada la tecla número 1
2014-12-11 03:31:26.843000:precionada la tecla número 0
2014-12-11 03:31:26.971000:precionada la tecla número 0
2014-12-11 03:31:27.291000:precionada la tecla número 1
2014-12-11 03:31:27.531000:precionada la tecla número 2
2014-12-11 03:31:27.739000:precionada la tecla número 3
2014-12-11 03:31:27.979000:precionada la tecla número 1
2014-12-11 03:31:28.219000:precionada la tecla número 0
2014-12-11 03:31:28.475000:precionada la tecla número 1
2014-12-11 03:31:28.699000:precionada la tecla número 1
2014-12-11 03:31:28.923000:precionada la tecla número 3
2014-12-11 03:31:29.147000:precionada la tecla número 3
2014-12-11 03:31:29.387000:precionada la tecla número 2
2014-12-11 03:31:29.627000:precionada la tecla número 1
2014-12-11 03:31:30.139000:precionada la tecla número 2
2014-12-11 03:31:30.347000:precionada la tecla número 1
2014-12-11 03:31:30.619000:precionada la tecla número 2
2014-12-11 03:31:30.827000:precionada la tecla número 1
2014-12-11 03:31:31.067000:precionada la tecla número 1
2014-12-11 03:31:31.291000:precionada la tecla número 0
2014-12-11 03:31:31.547000:precionada la tecla número 1
2014-12-11 03:31:31.563000:precionada la tecla número 0
2014-12-11 03:31:32.027000:precionada la tecla número 1
2014-12-11 03:31:32.043000:precionada la tecla número 0
2014-12-11 03:31:32.539000:precionada la tecla número 3
2014-12-11 03:31:32.779000:precionada la tecla número 3
2014-12-11 03:31:33.003000:precionada la tecla número 1
2014-12-11 03:31:33.227000:precionada la tecla número 2
2014-12-11 03:31:33.451000:precionada la tecla número 1
2014-12-11 03:31:33.963000:precionada la tecla número 2
2014-12-11 03:31:33.979000:precionada la tecla número 1
2014-12-11 03:31:34.459000:precionada la tecla número 2
2014-12-11 03:31:34.475000:precionada la tecla número 1
2014-12-11 03:31:34.923000:precionada la tecla número 0
2014-12-11 03:31:34.939000:precionada la tecla número 1
2014-12-11 03:31:35.451000:precionada la tecla número 1
2014-12-11 03:31:35.467000:precionada la tecla número 0
2014-12-11 03:31:35.979000:precionada la tecla número 1
2014-12-11 03:31:36.203000:precionada la tecla número 2
2014-12-11 03:31:36.443000:precionada la tecla número 1
2014-12-11 03:31:36.651000:precionada la tecla número 0
2014-12-11 03:31:36.875000:precionada la tecla número 0
2014-12-11 03:31:37.115000:precionada la tecla número 1
2014-12-11 03:31:37.339000:precionada la tecla número 1
2014-12-11 03:31:37.579000:precionada la tecla número 0
2014-12-11 03:31:37.803000:precionada la tecla número 0
2014-12-11 03:31:38.027000:precionada la tecla número 1
2014-12-11 03:31:38.251000:precionada la tecla número 0
2014-12-11 03:31:38.715000:precionada la tecla número 1
2014-12-11 03:31:38.731000:precionada la tecla número 0
2014-12-11 03:31:40.018000:cierre por escape
2014-12-11 03:31:52.522000:iniciado modo de juego de la canción: songs/menu.ogg
2014-12-11 03:31:52.563000:cargada canción con 46 pasos
2014-12-11 03:31:55.842000:precionada la tecla número 2
2014-12-11 03:31:56.082000:precionada la tecla número 1
2014-12-11 03:31:56.594000:precionada la tecla número 2
2014-12-11 03:31:56.930000:precionada la tecla número 1
2014-12-11 03:31:57.378000:precionada la tecla número 2
2014-12-11 03:31:57.794000:precionada la tecla número 1
2014-12-11 03:31:58.002000:precionada la tecla número 2
2014-12-11 03:31:58.194000:precionada la tecla número 2
2014-12-11 03:31:58.418000:precionada la tecla número 1
2014-12-11 03:31:58.610000:precionada la tecla número 1
2014-12-11 03:31:59.058000:precionada la tecla número 2
2014-12-11 03:31:59.474000:precionada la tecla número 1
2014-12-11 03:31:59.682000:precionada la tecla número 2
2014-12-11 03:31:59.858000:precionada la tecla número 2
2014-12-11 03:32:00.082000:precionada la tecla número 1
2014-12-11 03:32:00.306000:precionada la tecla número 3
2014-12-11 03:32:00.738000:precionada la tecla número 2
2014-12-11 03:32:00.931000:precionada la tecla número 2
2014-12-11 03:32:01.155000:precionada la tecla número 1
2014-12-11 03:32:01.347000:precionada la tecla número 2
2014-12-11 03:32:01.539000:precionada la tecla número 2
2014-12-11 03:32:01.795000:precionada la tecla número 1
2014-12-11 03:32:02.003000:precionada la tecla número 0
2014-12-11 03:32:02.435000:precionada la tecla número 2
2014-12-11 03:32:02.867000:precionada la tecla número 1
2014-12-11 03:32:03.299000:precionada la tecla número 2
2014-12-11 03:32:03.747000:precionada la tecla número 1
2014-12-11 03:32:04.195000:precionada la tecla número 2
2014-12-11 03:32:04.611000:precionada la tecla número 1
2014-12-11 03:32:04.819000:precionada la tecla número 2
2014-12-11 03:32:05.011000:precionada la tecla número 2
2014-12-11 03:32:05.219000:precionada la tecla número 1
2014-12-11 03:32:05.427000:precionada la tecla número 3
2014-12-11 03:32:05.859000:precionada la tecla número 2
2014-12-11 03:32:06.306000:precionada la tecla número 1
2014-12-11 03:32:06.514000:precionada la tecla número 2
2014-12-11 03:32:06.722000:precionada la tecla número 2
2014-12-11 03:32:06.946000:precionada la tecla número 1
2014-12-11 03:32:07.154000:precionada la tecla número 3
2014-12-11 03:32:07.554000:precionada la tecla número 2
2014-12-11 03:32:07.762000:precionada la tecla número 2
2014-12-11 03:32:07.970000:precionada la tecla número 2
2014-12-11 03:32:08.146000:precionada la tecla número 2
2014-12-11 03:32:08.354000:precionada la tecla número 2
2014-12-11 03:32:08.578000:precionada la tecla número 1
2014-12-11 03:32:08.786000:precionada la tecla número 0
2014-12-11 03:32:31.473000:iniciado modo de juego de la canción: songs/menu.ogg
2014-12-11 03:32:31.478000:cargada canción con 46 pasos
2014-12-11 03:32:34.532000:precionada la tecla número 2
2014-12-11 03:32:34.980000:precionada la tecla número 1
2014-12-11 03:32:35.396000:precionada la tecla número 2
2014-12-11 03:32:35.845000:precionada la tecla número 1
2014-12-11 03:32:36.277000:precionada la tecla número 2
2014-12-11 03:32:36.677000:precionada la tecla número 1
2014-12-11 03:32:36.885000:precionada la tecla número 2
2014-12-11 03:32:37.077000:precionada la tecla número 2
2014-12-11 03:32:37.301000:precionada la tecla número 1
2014-12-11 03:32:37.525000:precionada la tecla número 3
2014-12-11 03:32:37.973000:precionada la tecla número 2
2014-12-11 03:32:38.405000:precionada la tecla número 1
2014-12-11 03:32:38.597000:precionada la tecla número 2
2014-12-11 03:32:38.789000:precionada la tecla número 2
2014-12-11 03:32:38.997000:precionada la tecla número 1
2014-12-11 03:32:39.221000:precionada la tecla número 3
2014-12-11 03:32:39.653000:precionada la tecla número 2
2014-12-11 03:32:39.861000:precionada la tecla número 2
2014-12-11 03:32:40.085000:precionada la tecla número 1
2014-12-11 03:32:40.293000:precionada la tecla número 2
2014-12-11 03:32:40.501000:precionada la tecla número 2
2014-12-11 03:32:40.709000:precionada la tecla número 1
2014-12-11 03:32:40.933000:precionada la tecla número 0
2014-12-11 03:32:41.380000:precionada la tecla número 2
2014-12-11 03:32:41.796000:precionada la tecla número 1
2014-12-11 03:32:42.212000:precionada la tecla número 2
2014-12-11 03:32:42.660000:precionada la tecla número 1
2014-12-11 03:32:43.092000:precionada la tecla número 2
2014-12-11 03:32:43.524000:precionada la tecla número 1
2014-12-11 03:32:43.732000:precionada la tecla número 2
2014-12-11 03:32:43.924000:precionada la tecla número 2
2014-12-11 03:32:44.132000:precionada la tecla número 1
2014-12-11 03:32:44.340000:precionada la tecla número 3
2014-12-11 03:32:44.772000:precionada la tecla número 2
2014-12-11 03:32:45.220000:precionada la tecla número 1
2014-12-11 03:32:45.428000:precionada la tecla número 2
2014-12-11 03:32:45.620000:precionada la tecla número 2
2014-12-11 03:32:45.828000:precionada la tecla número 1
2014-12-11 03:32:46.036000:precionada la tecla número 3
2014-12-11 03:32:46.468000:precionada la tecla número 2
2014-12-11 03:32:46.676000:precionada la tecla número 2
2014-12-11 03:32:46.900000:precionada la tecla número 2
2014-12-11 03:32:47.092000:precionada la tecla número 2
2014-12-11 03:32:47.332000:precionada la tecla número 2
2014-12-11 03:32:47.540000:precionada la tecla número 1
2014-12-11 03:32:47.732000:precionada la tecla número 0
2014-12-11 03:33:07.823000:iniciado modo de juego de la canción: songs/buttons.mp3
2014-12-11 03:33:07.833000:cargada canción con 384 pasos
2014-12-11 03:33:16.920000:precionada la tecla número 1
2014-12-11 03:33:20.536000:precionada la tecla número 1
2014-12-11 03:33:21:precionada la tecla número 2
2014-12-11 03:33:21.528000:precionada la tecla número 2
2014-12-11 03:33:22.024000:precionada la tecla número 2
2014-12-11 03:33:22.520000:precionada la tecla número 2
2014-12-11 03:33:23.032000:precionada la tecla número 2
2014-12-11 03:33:23.544000:precionada la tecla número 2
2014-12-11 03:33:24.040000:precionada la tecla número 2
2014-12-11 03:33:24.424000:precionada la tecla número 1
2014-12-11 03:33:24.904000:precionada la tecla número 2
2014-12-11 03:33:25.448000:precionada la tecla número 2
2014-12-11 03:33:25.976000:precionada la tecla número 2
2014-12-11 03:33:26.520000:precionada la tecla número 2
2014-12-11 03:33:27.016000:precionada la tecla número 2
2014-12-11 03:33:27.512000:precionada la tecla número 2
2014-12-11 03:33:28.008000:precionada la tecla número 2
2014-12-11 03:33:28.232000:precionada la tecla número 1
2014-12-11 03:33:28.457000:precionada la tecla número 1
2014-12-11 03:33:28.985000:precionada la tecla número 2
2014-12-11 03:33:29.481000:precionada la tecla número 2
2014-12-11 03:33:29.945000:precionada la tecla número 2
2014-12-11 03:33:30.425000:precionada la tecla número 2
2014-12-11 03:33:30.937000:precionada la tecla número 2
2014-12-11 03:33:31.481000:precionada la tecla número 2
2014-12-11 03:33:31.977000:precionada la tecla número 2
2014-12-11 03:33:32.249000:precionada la tecla número 1
2014-12-11 03:33:32.441000:precionada la tecla número 1
2014-12-11 03:33:32.953000:precionada la tecla número 2
2014-12-11 03:33:33.464000:precionada la tecla número 2
2014-12-11 03:33:33.960000:precionada la tecla número 2
2014-12-11 03:33:34.440000:precionada la tecla número 2
2014-12-11 03:33:34.920000:precionada la tecla número 2
2014-12-11 03:33:35.385000:precionada la tecla número 2
2014-12-11 03:33:35.784000:precionada la tecla número 2
2014-12-11 03:33:36.200000:precionada la tecla número 1
2014-12-11 03:33:37.016000:precionada la tecla número 2
2014-12-11 03:33:37.432000:precionada la tecla número 1
2014-12-11 03:33:37.672000:precionada la tecla número 2
2014-12-11 03:33:38.184000:precionada la tecla número 3
2014-12-11 03:33:38.728000:precionada la tecla número 2
2014-12-11 03:33:39.272000:precionada la tecla número 3
2014-12-11 03:33:40.312000:precionada la tecla número 2
2014-12-11 03:33:40.424000:precionada la tecla número 3
2014-12-11 03:33:40.712000:precionada la tecla número 2
2014-12-11 03:33:41.240000:precionada la tecla número 3
2014-12-11 03:33:41.784000:precionada la tecla número 2
2014-12-11 03:33:42.296000:precionada la tecla número 3
2014-12-11 03:33:42.824000:precionada la tecla número 2
2014-12-11 03:33:43.320000:precionada la tecla número 3
2014-12-11 03:33:43.880000:precionada la tecla número 2
2014-12-11 03:33:44.248000:precionada la tecla número 3
2014-12-11 03:33:44.488000:precionada la tecla número 0
2014-12-11 03:33:45.963000:cierre por escape
2014-12-11 03:33:49.851000:iniciado modo de prueba
2014-12-11 03:33:49.871000:precionada la tecla número 2
2014-12-11 03:33:50.286000:precionada la tecla número 3
2014-12-11 03:33:50.558000:precionada la tecla número 1
2014-12-11 03:33:50.878000:precionada la tecla número 0
2014-12-11 03:33:51.966000:precionada la tecla número 2
2014-12-11 03:33:52.158000:precionada la tecla número 2
2014-12-11 03:33:52.942000:precionada la tecla número 0
2014-12-11 03:33:53.054000:precionada la tecla número 0
2014-12-11 03:33:53.342000:precionada la tecla número 0
2014-12-11 03:33:53.566000:precionada la tecla número 1
2014-12-11 03:33:53.982000:precionada la tecla número 0
2014-12-11 03:33:54.110000:precionada la tecla número 0
2014-12-11 03:33:54.238000:precionada la tecla número 0
2014-12-11 03:33:54.382000:precionada la tecla número 0
2014-12-11 03:33:54.510000:precionada la tecla número 1
2014-12-11 03:33:55.534000:precionada la tecla número 0
2014-12-11 03:33:55.902000:precionada la tecla número 0
2014-12-11 03:33:56.030000:precionada la tecla número 1
2014-12-11 03:33:56.302000:precionada la tecla número 1
2014-12-11 03:33:56.526000:precionada la tecla número 0
2014-12-11 03:33:56.638000:precionada la tecla número 0
2014-12-11 03:33:56.734000:precionada la tecla número 0
2014-12-11 03:33:56.846000:precionada la tecla número 0
2014-12-11 03:33:56.990000:precionada la tecla número 1
2014-12-11 03:34:07.009000:cierre por escape
2014-12-11 03:34:19.004000:iniciado modo de grabación de la canción: songs/b.mp3
2014-12-11 03:34:28.076000:precionada la tecla número 0
2014-12-11 03:34:32.172000:precionada la tecla número 0
2014-12-11 03:34:32.652000:precionada la tecla número 2
2014-12-11 03:34:33.148000:precionada la tecla número 2
2014-12-11 03:34:33.660000:precionada la tecla número 2
2014-12-11 03:34:34.140000:precionada la tecla número 2
2014-12-11 03:34:34.636000:precionada la tecla número 2
2014-12-11 03:34:35.164000:precionada la tecla número 2
2014-12-11 03:34:35.660000:precionada la tecla número 0
2014-12-11 03:34:36.172000:precionada la tecla número 2
2014-12-11 03:34:36.636000:precionada la tecla número 2
2014-12-11 03:34:37.149000:precionada la tecla número 2
2014-12-11 03:34:37.645000:precionada la tecla número 2
2014-12-11 03:34:38.141000:precionada la tecla número 2
2014-12-11 03:34:38.654000:precionada la tecla número 2
2014-12-11 03:34:39.150000:precionada la tecla número 2
2014-12-11 03:34:39.662000:precionada la tecla número 0
2014-12-11 03:34:40.158000:precionada la tecla número 2
2014-12-11 03:34:40.638000:precionada la tecla número 2
2014-12-11 03:34:41.150000:precionada la tecla número 2
2014-12-11 03:34:41.646000:precionada la tecla número 2
2014-12-11 03:34:42.142000:precionada la tecla número 2
2014-12-11 03:34:42.638000:precionada la tecla número 2
2014-12-11 03:34:43.134000:precionada la tecla número 2
2014-12-11 03:34:43.661000:precionada la tecla número 0
2014-12-11 03:34:44.173000:precionada la tecla número 2
2014-12-11 03:34:44.637000:precionada la tecla número 2
2014-12-11 03:34:45.149000:precionada la tecla número 2
2014-12-11 03:34:45.645000:precionada la tecla número 2
2014-12-11 03:34:46.173000:precionada la tecla número 2
2014-12-11 03:34:46.653000:precionada la tecla número 2
2014-12-11 03:34:47.149000:precionada la tecla número 2
2014-12-11 03:34:47.645000:precionada la tecla número 0
2014-12-11 03:34:48.173000:precionada la tecla número 2
2014-12-11 03:34:48.653000:precionada la tecla número 1
2014-12-11 03:34:49.149000:precionada la tecla número 2
2014-12-11 03:34:49.661000:precionada la tecla número 1
2014-12-11 03:34:50.157000:precionada la tecla número 2
2014-12-11 03:34:50.669000:precionada la tecla número 1
2014-12-11 03:34:51.133000:precionada la tecla número 2
2014-12-11 03:34:51.645000:precionada la tecla número 1
2014-12-11 03:34:52.157000:precionada la tecla número 2
2014-12-11 03:34:52.637000:precionada la tecla número 1
2014-12-11 03:34:53.133000:precionada la tecla número 2
2014-12-11 03:34:53.661000:precionada la tecla número 1
2014-12-11 03:34:54.173000:precionada la tecla número 2
2014-12-11 03:34:54.669000:precionada la tecla número 1
2014-12-11 03:34:55.149000:precionada la tecla número 2
2014-12-11 03:34:56.126000:precionada la tecla número 0
2014-12-11 03:34:56.574000:precionada la tecla número 2
2014-12-11 03:34:57.118000:precionada la tecla número 1
2014-12-11 03:34:57.662000:precionada la tecla número 2
2014-12-11 03:34:58.158000:precionada la tecla número 1
2014-12-11 03:34:58.638000:precionada la tecla número 2
2014-12-11 03:34:59.182000:precionada la tecla número 1
2014-12-11 03:34:59.646000:precionada la tecla número 2
2014-12-11 03:35:00.158000:precionada la tecla número 1
2014-12-11 03:35:00.654000:precionada la tecla número 2
2014-12-11 03:35:01.165000:precionada la tecla número 1
2014-12-11 03:35:01.645000:precionada la tecla número 2
2014-12-11 03:35:02.157000:precionada la tecla número 1
2014-12-11 03:35:02.653000:precionada la tecla número 2
2014-12-11 03:35:03.165000:precionada la tecla número 1
2014-12-11 03:35:03.661000:precionada la tecla número 0
2014-12-11 03:35:04.157000:precionada la tecla número 2
2014-12-11 03:35:04.653000:precionada la tecla número 1
2014-12-11 03:35:05.149000:precionada la tecla número 2
2014-12-11 03:35:05.677000:precionada la tecla número 1
2014-12-11 03:35:06.173000:precionada la tecla número 2
2014-12-11 03:35:06.637000:precionada la tecla número 1
2014-12-11 03:35:07.165000:precionada la tecla número 2
2014-12-11 03:35:07.645000:precionada la tecla número 1
2014-12-11 03:35:08.125000:precionada la tecla número 2
2014-12-11 03:35:08.653000:precionada la tecla número 1
2014-12-11 03:35:09.149000:precionada la tecla número 2
2014-12-11 03:35:09.661000:precionada la tecla número 1
2014-12-11 03:35:10.141000:precionada la tecla número 2
2014-12-11 03:35:10.621000:precionada la tecla número 1
2014-12-11 03:35:11.133000:precionada la tecla número 2
2014-12-11 03:35:11.677000:precionada la tecla número 0
2014-12-11 03:35:12.141000:precionada la tecla número 2
2014-12-11 03:35:12.637000:precionada la tecla número 1
2014-12-11 03:35:13.117000:precionada la tecla número 2
2014-12-11 03:35:13.646000:precionada la tecla número 1
2014-12-11 03:35:14.158000:precionada la tecla número 2
2014-12-11 03:35:14.670000:precionada la tecla número 1
2014-12-11 03:35:15.150000:precionada la tecla número 2
2014-12-11 03:35:15.662000:precionada la tecla número 1
2014-12-11 03:35:16.126000:precionada la tecla número 2
2014-12-11 03:35:16.654000:precionada la tecla número 1
2014-12-11 03:35:17.166000:precionada la tecla número 2
2014-12-11 03:35:17.678000:precionada la tecla número 1
2014-12-11 03:35:18.142000:precionada la tecla número 2
2014-12-11 03:35:18.669000:precionada la tecla número 1
2014-12-11 03:35:19.165000:precionada la tecla número 2
2014-12-11 03:35:19.645000:precionada la tecla número 0
2014-12-11 03:35:20.141000:precionada la tecla número 3
2014-12-11 03:35:21.149000:precionada la tecla número 3
2014-12-11 03:35:22.141000:precionada la tecla número 3
2014-12-11 03:35:23.133000:precionada la tecla número 3
2014-12-11 03:35:24.141000:precionada la tecla número 3
2014-12-11 03:35:25.149000:precionada la tecla número 3
2014-12-11 03:35:26.157000:precionada la tecla número 1
2014-12-11 03:35:26.653000:precionada la tecla número 1
2014-12-11 03:35:27.133000:precionada la tecla número 0
2014-12-11 03:35:28.141000:precionada la tecla número 2
2014-12-11 03:35:28.349000:precionada la tecla número 2
2014-12-11 03:35:28.653000:precionada la tecla número 3
2014-12-11 03:35:29.421000:precionada la tecla número 2
2014-12-11 03:35:29.629000:precionada la tecla número 3
2014-12-11 03:35:30.141000:precionada la tecla número 2
2014-12-11 03:35:30.349000:precionada la tecla número 2
2014-12-11 03:35:30.589000:precionada la tecla número 3
2014-12-11 03:35:31.358000:precionada la tecla número 2
2014-12-11 03:35:31.598000:precionada la tecla número 3
2014-12-11 03:35:32.078000:precionada la tecla número 2
2014-12-11 03:35:32.318000:precionada la tecla número 2
2014-12-11 03:35:32.558000:precionada la tecla número 3
2014-12-11 03:35:33.262000:precionada la tecla número 2
2014-12-11 03:35:33.470000:precionada la tecla número 3
2014-12-11 03:35:34.014000:precionada la tecla número 2
2014-12-11 03:35:34.238000:precionada la tecla número 2
2014-12-11 03:35:34.494000:precionada la tecla número 3
2014-12-11 03:35:35.342000:precionada la tecla número 2
2014-12-11 03:35:35.598000:precionada la tecla número 3
2014-12-11 03:35:36.093000:precionada la tecla número 2
2014-12-11 03:35:36.317000:precionada la tecla número 2
2014-12-11 03:35:36.605000:precionada la tecla número 3
2014-12-11 03:35:37.405000:precionada la tecla número 2
2014-12-11 03:35:37.661000:precionada la tecla número 3
2014-12-11 03:35:38.141000:precionada la tecla número 2
2014-12-11 03:35:38.365000:precionada la tecla número 2
2014-12-11 03:35:38.637000:precionada la tecla número 3
2014-12-11 03:35:39.405000:precionada la tecla número 2
2014-12-11 03:35:39.645000:precionada la tecla número 3
2014-12-11 03:35:40.109000:precionada la tecla número 0
2014-12-11 03:35:40.589000:precionada la tecla número 0
2014-12-11 03:35:41.101000:precionada la tecla número 0
2014-12-11 03:35:41.629000:precionada la tecla número 0
2014-12-11 03:35:42.157000:precionada la tecla número 1
2014-12-11 03:35:43.949000:precionada la tecla número 0
2014-12-11 03:35:44.173000:precionada la tecla número 0
2014-12-11 03:35:44.381000:precionada la tecla número 2
2014-12-11 03:35:44.893000:precionada la tecla número 2
2014-12-11 03:35:45.389000:precionada la tecla número 2
2014-12-11 03:35:45.853000:precionada la tecla número 2
2014-12-11 03:35:46.381000:precionada la tecla número 2
2014-12-11 03:35:46.893000:precionada la tecla número 2
2014-12-11 03:35:47.437000:precionada la tecla número 1
2014-12-11 03:35:47.661000:precionada la tecla número 0
2014-12-11 03:35:48.125000:precionada la tecla número 2
2014-12-11 03:35:48.606000:precionada la tecla número 2
2014-12-11 03:35:49.134000:precionada la tecla número 2
2014-12-11 03:35:49.646000:precionada la tecla número 2
2014-12-11 03:35:50.142000:precionada la tecla número 2
2014-12-11 03:35:50.638000:precionada la tecla número 2
2014-12-11 03:35:51.166000:precionada la tecla número 2
2014-12-11 03:35:51.630000:precionada la tecla número 0
2014-12-11 03:35:52.126000:precionada la tecla número 2
2014-12-11 03:35:52.622000:precionada la tecla número 1
2014-12-11 03:35:53.118000:precionada la tecla número 2
2014-12-11 03:35:53.645000:precionada la tecla número 1
2014-12-11 03:35:54.173000:precionada la tecla número 2
2014-12-11 03:35:54.669000:precionada la tecla número 1
2014-12-11 03:35:55.149000:precionada la tecla número 2
2014-12-11 03:35:55.677000:precionada la tecla número 1
2014-12-11 03:35:56.157000:precionada la tecla número 2
2014-12-11 03:35:56.685000:precionada la tecla número 1
2014-12-11 03:35:57.149000:precionada la tecla número 2
2014-12-11 03:35:57.661000:precionada la tecla número 1
2014-12-11 03:35:58.157000:precionada la tecla número 2
2014-12-11 03:35:59.677000:precionada la tecla número 0
2014-12-11 03:36:00.125000:precionada la tecla número 2
2014-12-11 03:36:00.605000:precionada la tecla número 1
2014-12-11 03:36:01.117000:precionada la tecla número 2
2014-12-11 03:36:01.629000:precionada la tecla número 1
2014-12-11 03:36:02.141000:precionada la tecla número 2
2014-12-11 03:36:02.637000:precionada la tecla número 1
2014-12-11 03:36:03.149000:precionada la tecla número 2
2014-12-11 03:36:03.661000:precionada la tecla número 1
2014-12-11 03:36:04.157000:precionada la tecla número 2
2014-12-11 03:36:04.669000:precionada la tecla número 1
2014-12-11 03:36:05.149000:precionada la tecla número 2
2014-12-11 03:36:05.630000:precionada la tecla número 1
2014-12-11 03:36:06.158000:precionada la tecla número 2
2014-12-11 03:36:06.638000:precionada la tecla número 1
2014-12-11 03:36:07.134000:precionada la tecla número 2
2014-12-11 03:36:08.158000:precionada la tecla número 0
2014-12-11 03:36:08.622000:precionada la tecla número 2
2014-12-11 03:36:09.150000:precionada la tecla número 1
2014-12-11 03:36:09.630000:precionada la tecla número 2
2014-12-11 03:36:10.142000:precionada la tecla número 1
2014-12-11 03:36:10.654000:precionada la tecla número 2
2014-12-11 03:36:11.166000:precionada la tecla número 1
2014-12-11 03:36:11.662000:precionada la tecla número 2
2014-12-11 03:36:12.174000:precionada la tecla número 1
2014-12-11 03:36:12.638000:precionada la tecla número 2
2014-12-11 03:36:13.150000:precionada la tecla número 1
2014-12-11 03:36:13.662000:precionada la tecla número 2
2014-12-11 03:36:15.694000:precionada la tecla número 0
2014-12-11 03:36:16.142000:precionada la tecla número 2
2014-12-11 03:36:16.638000:precionada la tecla número 1
2014-12-11 03:36:17.134000:precionada la tecla número 2
2014-12-11 03:36:17.646000:precionada la tecla número 1
2014-12-11 03:36:18.126000:precionada la tecla número 2
2014-12-11 03:36:18.622000:precionada la tecla número 1
2014-12-11 03:36:19.150000:precionada la tecla número 2
2014-12-11 03:36:19.662000:precionada la tecla número 1
2014-12-11 03:36:20.158000:precionada la tecla número 2
2014-12-11 03:36:20.654000:precionada la tecla número 1
2014-12-11 03:36:21.166000:precionada la tecla número 2
2014-12-11 03:36:21.678000:precionada la tecla número 1
2014-12-11 03:36:22.158000:precionada la tecla número 3
2014-12-11 03:36:22.622000:precionada la tecla número 3
2014-12-11 03:36:23.119000:precionada la tecla número 3
2014-12-11 03:36:23.615000:precionada la tecla número 0
2014-12-11 03:36:24.095000:precionada la tecla número 2
2014-12-11 03:36:24.575000:precionada la tecla número 3
2014-12-11 03:36:25.391000:precionada la tecla número 2
2014-12-11 03:36:25.631000:precionada la tecla número 3
2014-12-11 03:36:26.127000:precionada la tecla número 2
2014-12-11 03:36:26.639000:precionada la tecla número 3
2014-12-11 03:36:27.439000:precionada la tecla número 2
2014-12-11 03:36:27.663000:precionada la tecla número 3
2014-12-11 03:36:28.127000:precionada la tecla número 2
2014-12-11 03:36:28.606000:precionada la tecla número 3
2014-12-11 03:36:30.126000:precionada la tecla número 1
2014-12-11 03:36:30.622000:precionada la tecla número 1
2014-12-11 03:36:31.102000:precionada la tecla número 0
2014-12-11 03:36:32.110000:precionada la tecla número 2
2014-12-11 03:36:32.686000:precionada la tecla número 1
2014-12-11 03:36:33.406000:precionada la tecla número 2
2014-12-11 03:36:33.646000:precionada la tecla número 1
2014-12-11 03:36:34.142000:precionada la tecla número 2
2014-12-11 03:36:34.622000:precionada la tecla número 1
2014-12-11 03:36:35.342000:precionada la tecla número 2
2014-12-11 03:36:35.566000:precionada la tecla número 0
2014-12-11 03:36:36.062000:precionada la tecla número 2
2014-12-11 03:36:36.590000:precionada la tecla número 1
2014-12-11 03:36:37.326000:precionada la tecla número 2
2014-12-11 03:36:37.582000:precionada la tecla número 1
2014-12-11 03:36:38.062000:precionada la tecla número 2
2014-12-11 03:36:38.558000:precionada la tecla número 1
2014-12-11 03:36:39.358000:precionada la tecla número 0
2014-12-11 03:36:39.566000:precionada la tecla número 0
2014-12-11 03:36:39.822000:precionada la tecla número 1
2014-12-11 03:36:40.078000:precionada la tecla número 2
2014-12-11 03:36:40.591000:precionada la tecla número 1
2014-12-11 03:36:41.103000:precionada la tecla número 2
2014-12-11 03:36:41.615000:precionada la tecla número 1
2014-12-11 03:36:42.079000:precionada la tecla número 2
2014-12-11 03:36:42.559000:precionada la tecla número 1
2014-12-11 03:36:43.135000:precionada la tecla número 2
2014-12-11 03:36:43.647000:precionada la tecla número 1
2014-12-11 03:36:44.143000:precionada la tecla número 0
2014-12-11 03:36:44.639000:precionada la tecla número 0
2014-12-11 03:36:45.151000:precionada la tecla número 0
2014-12-11 03:36:45.679000:precionada la tecla número 0
2014-12-11 03:36:46.190000:precionada la tecla número 1
2014-12-11 03:36:46.670000:precionada la tecla número 1
2014-12-11 03:36:47.134000:precionada la tecla número 0
2014-12-11 03:36:47.390000:precionada la tecla número 0
2014-12-11 03:36:48.190000:precionada la tecla número 1
2014-12-11 03:36:49.166000:precionada la tecla número 1
2014-12-11 03:36:50.302000:precionada la tecla número 3
2014-12-11 03:36:50.558000:precionada la tecla número 3
2014-12-11 03:36:51.150000:precionada la tecla número 1
2014-12-11 03:36:51.662000:precionada la tecla número 0
2014-12-11 03:36:52.174000:precionada la tecla número 1
2014-12-11 03:36:53.150000:precionada la tecla número 1
2014-12-11 03:36:54.126000:precionada la tecla número 1
2014-12-11 03:36:55.150000:precionada la tecla número 3
2014-12-11 03:36:55.390000:precionada la tecla número 3
2014-12-11 03:36:55.646000:precionada la tecla número 3
2014-12-11 03:36:55.870000:precionada la tecla número 0
2014-12-11 03:36:56.126000:precionada la tecla número 1
2014-12-11 03:36:57.134000:precionada la tecla número 1
2014-12-11 03:36:58.383000:precionada la tecla número 1
2014-12-11 03:36:58.607000:precionada la tecla número 1
2014-12-11 03:36:59.135000:precionada la tecla número 3
2014-12-11 03:37:00.143000:precionada la tecla número 1
2014-12-11 03:37:00.623000:precionada la tecla número 1
2014-12-11 03:37:01.167000:precionada la tecla número 1
2014-12-11 03:37:01.647000:precionada la tecla número 1
2014-12-11 03:37:02.143000:precionada la tecla número 0
2014-12-11 03:37:02.415000:precionada la tecla número 0
2014-12-11 03:37:02.655000:precionada la tecla número 0
2014-12-11 03:37:02.895000:precionada la tecla número 0
2014-12-11 03:37:03.151000:precionada la tecla número 0
2014-12-11 03:37:04.158000:precionada la tecla número 2
2014-12-11 03:37:04.686000:precionada la tecla número 1
2014-12-11 03:37:04.910000:precionada la tecla número 2
2014-12-11 03:37:05.646000:precionada la tecla número 1
2014-12-11 03:37:06.110000:precionada la tecla número 2
2014-12-11 03:37:06.622000:precionada la tecla número 1
2014-12-11 03:37:06.862000:precionada la tecla número 2
2014-12-11 03:37:07.406000:precionada la tecla número 2
2014-12-11 03:37:07.646000:precionada la tecla número 1
2014-12-11 03:37:08.126000:precionada la tecla número 2
2014-12-11 03:37:08.670000:precionada la tecla número 1
2014-12-11 03:37:08.910000:precionada la tecla número 2
2014-12-11 03:37:09.630000:precionada la tecla número 1
2014-12-11 03:37:10.158000:precionada la tecla número 2
2014-12-11 03:37:10.670000:precionada la tecla número 1
2014-12-11 03:37:11.086000:precionada la tecla número 2
2014-12-11 03:37:11.326000:precionada la tecla número 2
2014-12-11 03:37:11.614000:precionada la tecla número 1
2014-12-11 03:37:12.142000:precionada la tecla número 2
2014-12-11 03:37:12.686000:precionada la tecla número 1
2014-12-11 03:37:13.422000:precionada la tecla número 2
2014-12-11 03:37:13.662000:precionada la tecla número 1
2014-12-11 03:37:14.158000:precionada la tecla número 2
2014-12-11 03:37:14.654000:precionada la tecla número 1
2014-12-11 03:37:15.358000:precionada la tecla número 2
2014-12-11 03:37:15.615000:precionada la tecla número 1
2014-12-11 03:37:16.143000:precionada la tecla número 1
2014-12-11 03:37:16.607000:precionada la tecla número 1
2014-12-11 03:37:17.119000:precionada la tecla número 1
2014-12-11 03:37:17.631000:precionada la tecla número 1
2014-12-11 03:37:18.159000:precionada la tecla número 0
2014-12-11 03:37:18.639000:precionada la tecla número 0
2014-12-11 03:37:19.151000:precionada la tecla número 0
2014-12-11 03:37:19.663000:precionada la tecla número 0
2014-12-11 03:37:20.127000:precionada la tecla número 2
2014-12-11 03:37:20.671000:precionada la tecla número 1
2014-12-11 03:37:20.894000:precionada la tecla número 2
2014-12-11 03:37:21.678000:precionada la tecla número 1
2014-12-11 03:37:22.158000:precionada la tecla número 2
2014-12-11 03:37:22.654000:precionada la tecla número 1
2014-12-11 03:37:22.910000:precionada la tecla número 2
2014-12-11 03:37:23.406000:precionada la tecla número 1
2014-12-11 03:37:23.662000:precionada la tecla número 0
2014-12-11 03:37:24.142000:precionada la tecla número 2
2014-12-11 03:37:24.686000:precionada la tecla número 1
2014-12-11 03:37:24.926000:precionada la tecla número 2
2014-12-11 03:37:25.614000:precionada la tecla número 1
2014-12-11 03:37:26.110000:precionada la tecla número 2
2014-12-11 03:37:26.622000:precionada la tecla número 1
2014-12-11 03:37:26.862000:precionada la tecla número 2
2014-12-11 03:37:27.374000:precionada la tecla número 1
2014-12-11 03:37:27.614000:precionada la tecla número 0
2014-12-11 03:37:28.126000:precionada la tecla número 2
2014-12-11 03:37:28.622000:precionada la tecla número 1
2014-12-11 03:37:29.102000:precionada la tecla número 2
2014-12-11 03:37:29.646000:precionada la tecla número 1
2014-12-11 03:37:30.094000:precionada la tecla número 2
2014-12-11 03:37:30.558000:precionada la tecla número 1
2014-12-11 03:37:30.926000:precionada la tecla número 2
2014-12-11 03:37:31.134000:precionada la tecla número 2
2014-12-11 03:37:32.158000:precionada la tecla número 1
2014-12-11 03:37:32.622000:precionada la tecla número 1
2014-12-11 03:37:33.135000:precionada la tecla número 1
2014-12-11 03:37:33.663000:precionada la tecla número 1
2014-12-11 03:37:34.143000:precionada la tecla número 0
2014-12-11 03:37:34.655000:precionada la tecla número 0
2014-12-11 03:37:35.167000:precionada la tecla número 0
2014-12-11 03:37:36.127000:precionada la tecla número 3
2014-12-11 03:37:36.143000:precionada la tecla número 0
2014-12-11 03:37:56.899000:iniciado modo de juego de la canción: songs/b.mp3
2014-12-11 03:37:56.906000:cargada canción con 358 pasos
2014-12-11 03:38:06.122000:precionada la tecla número 0
2014-12-11 03:38:09.787000:precionada la tecla número 0
2014-12-11 03:38:10.523000:precionada la tecla número 2
2014-12-11 03:38:11.003000:precionada la tecla número 2
2014-12-11 03:38:11.547000:precionada la tecla número 2
2014-12-11 03:38:12.027000:precionada la tecla número 2
2014-12-11 03:38:12.539000:precionada la tecla número 2
2014-12-11 03:38:13.051000:precionada la tecla número 2
2014-12-11 03:38:13.578000:precionada la tecla número 0
2014-12-11 03:38:14.042000:precionada la tecla número 2
2014-12-11 03:38:14.522000:precionada la tecla número 2
2014-12-11 03:38:15.018000:precionada la tecla número 2
2014-12-11 03:38:15.546000:precionada la tecla número 2
2014-12-11 03:38:16.042000:precionada la tecla número 2
2014-12-11 03:38:16.538000:precionada la tecla número 2
2014-12-11 03:38:17.018000:precionada la tecla número 2
2014-12-11 03:38:17.514000:precionada la tecla número 0
2014-12-11 03:38:18.042000:precionada la tecla número 2
2014-12-11 03:38:18.506000:precionada la tecla número 2
2014-12-11 03:38:19.018000:precionada la tecla número 2
2014-12-11 03:38:19.530000:precionada la tecla número 2
2014-12-11 03:38:20.042000:precionada la tecla número 2
2014-12-11 03:38:20.538000:precionada la tecla número 2
2014-12-11 03:38:21.066000:precionada la tecla número 2
2014-12-11 03:38:21.562000:precionada la tecla número 0
2014-12-11 03:38:22.042000:precionada la tecla número 2
2014-12-11 03:38:22.522000:precionada la tecla número 2
2014-12-11 03:38:23.034000:precionada la tecla número 2
2014-12-11 03:38:23.530000:precionada la tecla número 2
2014-12-11 03:38:24.042000:precionada la tecla número 2
2014-12-11 03:38:24.554000:precionada la tecla número 2
2014-12-11 03:38:25.018000:precionada la tecla número 2
2014-12-11 03:38:25.547000:precionada la tecla número 0
2014-12-11 03:38:26.059000:precionada la tecla número 2
2014-12-11 03:38:26.555000:precionada la tecla número 3
2014-12-11 03:38:27.003000:precionada la tecla número 2
2014-12-11 03:38:27.563000:precionada la tecla número 1
2014-12-11 03:38:28.059000:precionada la tecla número 2
2014-12-11 03:38:28.587000:precionada la tecla número 1
2014-12-11 03:38:29.051000:precionada la tecla número 2
2014-12-11 03:38:29.547000:precionada la tecla número 1
2014-12-11 03:38:30.059000:precionada la tecla número 2
2014-12-11 03:38:30.571000:precionada la tecla número 1
2014-12-11 03:38:31.066000:precionada la tecla número 2
2014-12-11 03:38:31.578000:precionada la tecla número 1
2014-12-11 03:38:32.042000:precionada la tecla número 2
2014-12-11 03:38:32.586000:precionada la tecla número 1
2014-12-11 03:38:33.034000:precionada la tecla número 2
2014-12-11 03:38:33.530000:precionada la tecla número 1
2014-12-11 03:38:34.266000:precionada la tecla número 0
2014-12-11 03:38:34.474000:precionada la tecla número 2
2014-12-11 03:38:35.018000:precionada la tecla número 1
2014-12-11 03:38:35.530000:precionada la tecla número 2
2014-12-11 03:38:36.042000:precionada la tecla número 1
2014-12-11 03:38:36.538000:precionada la tecla número 2
2014-12-11 03:38:37.066000:precionada la tecla número 1
2014-12-11 03:38:37.562000:precionada la tecla número 2
2014-12-11 03:38:38.010000:precionada la tecla número 1
2014-12-11 03:38:38.522000:precionada la tecla número 2
2014-12-11 03:38:39.034000:precionada la tecla número 1
2014-12-11 03:38:39.514000:precionada la tecla número 2
2014-12-11 03:38:40.058000:precionada la tecla número 1
2014-12-11 03:38:40.538000:precionada la tecla número 2
2014-12-11 03:38:41.114000:precionada la tecla número 1
2014-12-11 03:38:41.594000:precionada la tecla número 0
2014-12-11 03:38:42.090000:precionada la tecla número 2
2014-12-11 03:38:42.554000:precionada la tecla número 1
2014-12-11 03:38:43.035000:precionada la tecla número 2
2014-12-11 03:38:43.563000:precionada la tecla número 1
2014-12-11 03:38:44.043000:precionada la tecla número 2
2014-12-11 03:38:44.539000:precionada la tecla número 1
2014-12-11 03:38:44.987000:precionada la tecla número 2
2014-12-11 03:38:45.499000:precionada la tecla número 1
2014-12-11 03:38:45.995000:precionada la tecla número 2
2014-12-11 03:38:46.507000:precionada la tecla número 1
2014-12-11 03:38:47.003000:precionada la tecla número 2
2014-12-11 03:38:47.547000:precionada la tecla número 1
2014-12-11 03:38:48.011000:precionada la tecla número 2
2014-12-11 03:38:48.522000:precionada la tecla número 1
2014-12-11 03:38:49.002000:precionada la tecla número 2
2014-12-11 03:38:49.562000:precionada la tecla número 1
2014-12-11 03:38:49.930000:precionada la tecla número 0
2014-12-11 03:38:50.154000:precionada la tecla número 2
2014-12-11 03:38:50.539000:precionada la tecla número 1
2014-12-11 03:38:51.018000:precionada la tecla número 2
2014-12-11 03:38:51.546000:precionada la tecla número 1
2014-12-11 03:38:52.026000:precionada la tecla número 2
2014-12-11 03:38:52.522000:precionada la tecla número 1
2014-12-11 03:38:53.018000:precionada la tecla número 2
2014-12-11 03:38:53.530000:precionada la tecla número 1
2014-12-11 03:38:54.010000:precionada la tecla número 2
2014-12-11 03:38:54.522000:precionada la tecla número 1
2014-12-11 03:38:55.002000:precionada la tecla número 2
2014-12-11 03:38:55.530000:precionada la tecla número 1
2014-12-11 03:38:56.010000:precionada la tecla número 2
2014-12-11 03:38:56.538000:precionada la tecla número 1
2014-12-11 03:38:57.018000:precionada la tecla número 2
2014-12-11 03:38:57.530000:precionada la tecla número 0
2014-12-11 03:38:58.074000:precionada la tecla número 3
2014-12-11 03:38:59.050000:precionada la tecla número 3
2014-12-11 03:39:00.026000:precionada la tecla número 3
2014-12-11 03:39:01.035000:precionada la tecla número 3
2014-12-11 03:39:02.043000:precionada la tecla número 3
2014-12-11 03:39:03.051000:precionada la tecla número 3
2014-12-11 03:39:04.027000:precionada la tecla número 3
2014-12-11 03:39:04.539000:precionada la tecla número 0
2014-12-11 03:39:05.003000:precionada la tecla número 0
2014-12-11 03:39:05.531000:precionada la tecla número 1
2014-12-11 03:39:06.026000:precionada la tecla número 2
2014-12-11 03:39:06.634000:precionada la tecla número 3
2014-12-11 03:39:06.842000:precionada la tecla número 2
2014-12-11 03:39:07.562000:precionada la tecla número 3
2014-12-11 03:39:07.914000:precionada la tecla número 2
2014-12-11 03:39:08.202000:precionada la tecla número 2
2014-12-11 03:39:08.458000:precionada la tecla número 3
2014-12-11 03:39:08.730000:precionada la tecla número 2
2014-12-11 03:39:09.242000:precionada la tecla número 2
2014-12-11 03:39:09.466000:precionada la tecla número 3
2014-12-11 03:39:09.962000:precionada la tecla número 2
2014-12-11 03:39:10.202000:precionada la tecla número 2
2014-12-11 03:39:10.442000:precionada la tecla número 3
2014-12-11 03:39:11.050000:precionada la tecla número 2
2014-12-11 03:39:11.418000:precionada la tecla número 3
2014-12-11 03:39:11.898000:precionada la tecla número 2
2014-12-11 03:39:12.154000:precionada la tecla número 2
2014-12-11 03:39:12.410000:precionada la tecla número 3
2014-12-11 03:39:12.730000:precionada la tecla número 2
2014-12-11 03:39:13.274000:precionada la tecla número 2
2014-12-11 03:39:13.498000:precionada la tecla número 3
2014-12-11 03:39:13.994000:precionada la tecla número 2
2014-12-11 03:39:14.218000:precionada la tecla número 2
2014-12-11 03:39:14.490000:precionada la tecla número 3
2014-12-11 03:39:14.746000:precionada la tecla número 2
2014-12-11 03:39:15.290000:precionada la tecla número 2
2014-12-11 03:39:15.514000:precionada la tecla número 3
2014-12-11 03:39:16.026000:precionada la tecla número 2
2014-12-11 03:39:16.234000:precionada la tecla número 2
2014-12-11 03:39:16.490000:precionada la tecla número 3
2014-12-11 03:39:16.810000:precionada la tecla número 2
2014-12-11 03:39:17.306000:precionada la tecla número 2
2014-12-11 03:39:17.546000:precionada la tecla número 3
2014-12-11 03:39:18.107000:precionada la tecla número 1
2014-12-11 03:39:18.459000:precionada la tecla número 0
2014-12-11 03:39:19.003000:precionada la tecla número 0
2014-12-11 03:39:19.515000:precionada la tecla número 0
2014-12-11 03:39:20.011000:precionada la tecla número 1
2014-12-11 03:39:21.083000:precionada la tecla número 1
2014-12-11 03:39:22.012000:precionada la tecla número 0
2014-12-11 03:39:22.187000:precionada la tecla número 1
2014-12-11 03:39:22.907000:precionada la tecla número 2
2014-12-11 03:39:23.306000:precionada la tecla número 2
2014-12-11 03:39:23.802000:precionada la tecla número 2
2014-12-11 03:39:24.298000:precionada la tecla número 2
2014-12-11 03:39:24.795000:precionada la tecla número 2
2014-12-11 03:39:25.338000:precionada la tecla número 2
2014-12-11 03:39:25.626000:precionada la tecla número 0
2014-12-11 03:39:26.090000:precionada la tecla número 2
2014-12-11 03:39:26.554000:precionada la tecla número 2
2014-12-11 03:39:27.082000:precionada la tecla número 2
2014-12-11 03:39:27.594000:precionada la tecla número 2
2014-12-11 03:39:28.074000:precionada la tecla número 2
2014-12-11 03:39:28.570000:precionada la tecla número 2
2014-12-11 03:39:29.050000:precionada la tecla número 2
2014-12-11 03:39:29.498000:precionada la tecla número 0
2014-12-11 03:39:30.106000:precionada la tecla número 2
2014-12-11 03:39:30.810000:precionada la tecla número 1
2014-12-11 03:39:31.050000:precionada la tecla número 2
2014-12-11 03:39:31.562000:precionada la tecla número 1
2014-12-11 03:39:32.090000:precionada la tecla número 2
2014-12-11 03:39:32.586000:precionada la tecla número 1
2014-12-11 03:39:33.066000:precionada la tecla número 2
2014-12-11 03:39:33.578000:precionada la tecla número 1
2014-12-11 03:39:34.058000:precionada la tecla número 2
2014-12-11 03:39:34.554000:precionada la tecla número 1
2014-12-11 03:39:35.034000:precionada la tecla número 2
2014-12-11 03:39:35.531000:precionada la tecla número 1
2014-12-11 03:39:36.027000:precionada la tecla número 2
2014-12-11 03:39:36.539000:precionada la tecla número 1
2014-12-11 03:39:37.579000:precionada la tecla número 0
2014-12-11 03:39:38.043000:precionada la tecla número 2
2014-12-11 03:39:38.523000:precionada la tecla número 1
2014-12-11 03:39:39.003000:precionada la tecla número 2
2014-12-11 03:39:39.547000:precionada la tecla número 1
2014-12-11 03:39:40.011000:precionada la tecla número 2
2014-12-11 03:39:40.539000:precionada la tecla número 1
2014-12-11 03:39:41.050000:precionada la tecla número 2
2014-12-11 03:39:41.514000:precionada la tecla número 1
2014-12-11 03:39:42.026000:precionada la tecla número 2
2014-12-11 03:39:42.506000:precionada la tecla número 1
2014-12-11 03:39:43.002000:precionada la tecla número 2
2014-12-11 03:39:43.530000:precionada la tecla número 1
2014-12-11 03:39:44.010000:precionada la tecla número 2
2014-12-11 03:39:44.538000:precionada la tecla número 1
2014-12-11 03:39:45.034000:precionada la tecla número 2
2014-12-11 03:39:45.530000:precionada la tecla número 0
2014-12-11 03:39:46.058000:precionada la tecla número 0
2014-12-11 03:39:46.554000:precionada la tecla número 2
2014-12-11 03:39:47.050000:precionada la tecla número 1
2014-12-11 03:39:47.514000:precionada la tecla número 2
2014-12-11 03:39:48.026000:precionada la tecla número 1
2014-12-11 03:39:48.522000:precionada la tecla número 2
2014-12-11 03:39:49.034000:precionada la tecla número 1
2014-12-11 03:39:49.498000:precionada la tecla número 2
2014-12-11 03:39:50.058000:precionada la tecla número 1
2014-12-11 03:39:50.490000:precionada la tecla número 2
2014-12-11 03:39:51.018000:precionada la tecla número 1
2014-12-11 03:39:51.482000:precionada la tecla número 2
2014-12-11 03:39:51.994000:precionada la tecla número 1
2014-12-11 03:39:53.579000:precionada la tecla número 0
2014-12-11 03:39:54.027000:precionada la tecla número 2
2014-12-11 03:39:54.523000:precionada la tecla número 1
2014-12-11 03:39:55.019000:precionada la tecla número 2
2014-12-11 03:39:55.515000:precionada la tecla número 1
2014-12-11 03:39:55.995000:precionada la tecla número 2
2014-12-11 03:39:56.491000:precionada la tecla número 1
2014-12-11 03:39:57.003000:precionada la tecla número 2
2014-12-11 03:39:57.499000:precionada la tecla número 1
2014-12-11 03:39:57.995000:precionada la tecla número 2
2014-12-11 03:39:58.506000:precionada la tecla número 1
2014-12-11 03:39:59.002000:precionada la tecla número 2
2014-12-11 03:39:59.530000:precionada la tecla número 1
2014-12-11 03:40:00.122000:precionada la tecla número 3
2014-12-11 03:40:00.570000:precionada la tecla número 3
2014-12-11 03:40:01.034000:precionada la tecla número 3
2014-12-11 03:40:01.498000:precionada la tecla número 0
2014-12-11 03:40:01.978000:precionada la tecla número 2
2014-12-11 03:40:02.458000:precionada la tecla número 3
2014-12-11 03:40:03.002000:precionada la tecla número 2
2014-12-11 03:40:03.546000:precionada la tecla número 3
2014-12-11 03:40:04.010000:precionada la tecla número 2
2014-12-11 03:40:04.490000:precionada la tecla número 3
2014-12-11 03:40:05.290000:precionada la tecla número 2
2014-12-11 03:40:05.530000:precionada la tecla número 3
2014-12-11 03:40:05.978000:precionada la tecla número 2
2014-12-11 03:40:06.490000:precionada la tecla número 3
2014-12-11 03:40:08.314000:precionada la tecla número 1
2014-12-11 03:40:08.618000:precionada la tecla número 0
2014-12-11 03:40:08.842000:precionada la tecla número 1
2014-12-11 03:40:09.050000:precionada la tecla número 0
2014-12-11 03:40:10.074000:precionada la tecla número 2
2014-12-11 03:40:10.282000:precionada la tecla número 2
2014-12-11 03:40:10.619000:precionada la tecla número 3
2014-12-11 03:40:10.827000:precionada la tecla número 2
2014-12-11 03:40:11.307000:precionada la tecla número 2
2014-12-11 03:40:11.547000:precionada la tecla número 1
2014-12-11 03:40:11.995000:precionada la tecla número 2
2014-12-11 03:40:12.219000:precionada la tecla número 2
2014-12-11 03:40:12.491000:precionada la tecla número 1
2014-12-11 03:40:13.227000:precionada la tecla número 2
2014-12-11 03:40:13.451000:precionada la tecla número 1
2014-12-11 03:40:13.995000:precionada la tecla número 2
2014-12-11 03:40:14.459000:precionada la tecla número 1
2014-12-11 03:40:15.147000:precionada la tecla número 2
2014-12-11 03:40:15.371000:precionada la tecla número 1
2014-12-11 03:40:15.930000:precionada la tecla número 2
2014-12-11 03:40:16.426000:precionada la tecla número 1
2014-12-11 03:40:17.194000:precionada la tecla número 2
2014-12-11 03:40:17.466000:precionada la tecla número 0
2014-12-11 03:40:17.978000:precionada la tecla número 2
2014-12-11 03:40:18.490000:precionada la tecla número 1
2014-12-11 03:40:19.210000:precionada la tecla número 2
2014-12-11 03:40:19.434000:precionada la tecla número 1
2014-12-11 03:40:19.962000:precionada la tecla número 2
2014-12-11 03:40:20.474000:precionada la tecla número 1
2014-12-11 03:40:21.002000:precionada la tecla número 2
2014-12-11 03:40:21.514000:precionada la tecla número 1
2014-12-11 03:40:22.010000:precionada la tecla número 0
2014-12-11 03:40:22.506000:precionada la tecla número 0
2014-12-11 03:40:23.002000:precionada la tecla número 0
2014-12-11 03:40:23.546000:precionada la tecla número 0
2014-12-11 03:40:24.042000:precionada la tecla número 1
2014-12-11 03:40:24.554000:precionada la tecla número 1
2014-12-11 03:40:25.050000:precionada la tecla número 1
2014-12-11 03:40:25.226000:precionada la tecla número 0
2014-12-11 03:40:25.546000:precionada la tecla número 0
2014-12-11 03:40:25.882000:precionada la tecla número 1
2014-12-11 03:40:26.634000:precionada la tecla número 1
2014-12-11 03:40:26.794000:precionada la tecla número 0
2014-12-11 03:40:26.922000:precionada la tecla número 1
2014-12-11 03:40:27.338000:precionada la tecla número 0
2014-12-11 03:40:27.562000:precionada la tecla número 1
2014-12-11 03:40:28.699000:precionada la tecla número 3
2014-12-11 03:40:29.083000:precionada la tecla número 1
2014-12-11 03:40:29.947000:precionada la tecla número 0
2014-12-11 03:40:30.283000:precionada la tecla número 1
2014-12-11 03:40:31.259000:precionada la tecla número 1
2014-12-11 03:40:31.979000:precionada la tecla número 0
2014-12-11 03:40:32.380000:precionada la tecla número 1
2014-12-11 03:40:33.035000:precionada la tecla número 0
2014-12-11 03:40:33.499000:precionada la tecla número 3
2014-12-11 03:40:33.707000:precionada la tecla número 3
2014-12-11 03:40:34.059000:precionada la tecla número 0
2014-12-11 03:40:34.235000:precionada la tecla número 1
2014-12-11 03:40:34.971000:precionada la tecla número 1
2014-12-11 03:40:36.011000:precionada la tecla número 1
2014-12-11 03:40:36.523000:precionada la tecla número 0
2014-12-11 03:40:37.115000:precionada la tecla número 0
2014-12-11 03:40:37.531000:precionada la tecla número 3
2014-12-11 03:40:38.011000:precionada la tecla número 1
2014-12-11 03:40:38.555000:precionada la tecla número 1
2014-12-11 03:40:39.035000:precionada la tecla número 1
2014-12-11 03:40:39.563000:precionada la tecla número 1
2014-12-11 03:40:40.252000:precionada la tecla número 0
2014-12-11 03:40:40.427000:precionada la tecla número 0
2014-12-11 03:40:40.635000:precionada la tecla número 0
2014-12-11 03:40:40.827000:precionada la tecla número 0
2014-12-11 03:40:41.051000:precionada la tecla número 0
2014-12-11 03:40:42.043000:precionada la tecla número 2
2014-12-11 03:40:42.619000:precionada la tecla número 1
2014-12-11 03:40:42.811000:precionada la tecla número 2
2014-12-11 03:40:43.579000:precionada la tecla número 1
2014-12-11 03:40:43.995000:precionada la tecla número 2
2014-12-11 03:40:44.507000:precionada la tecla número 1
2014-12-11 03:40:44.731000:precionada la tecla número 2
2014-12-11 03:40:45.564000:precionada la tecla número 1
2014-12-11 03:40:45.996000:precionada la tecla número 2
2014-12-11 03:40:46.540000:precionada la tecla número 1
2014-12-11 03:40:46.764000:precionada la tecla número 2
2014-12-11 03:40:47.532000:precionada la tecla número 1
2014-12-11 03:40:47.964000:precionada la tecla número 2
2014-12-11 03:40:48.524000:precionada la tecla número 1
2014-12-11 03:40:48.748000:precionada la tecla número 2
2014-12-11 03:40:49.196000:precionada la tecla número 2
2014-12-11 03:40:49.452000:precionada la tecla número 1
2014-12-11 03:40:49.740000:precionada la tecla número 2
2014-12-11 03:40:49.948000:precionada la tecla número 2
2014-12-11 03:40:50.492000:precionada la tecla número 1
2014-12-11 03:40:50.779000:precionada la tecla número 2
2014-12-11 03:40:51.323000:precionada la tecla número 2
2014-12-11 03:40:51.531000:precionada la tecla número 1
2014-12-11 03:40:51.963000:precionada la tecla número 2
2014-12-11 03:40:52.507000:precionada la tecla número 1
2014-12-11 03:40:53.211000:precionada la tecla número 2
2014-12-11 03:40:53.435000:precionada la tecla número 1
2014-12-11 03:40:53.947000:precionada la tecla número 2
2014-12-11 03:40:54.507000:precionada la tecla número 3
2014-12-11 03:40:55.019000:precionada la tecla número 1
2014-12-11 03:40:55.515000:precionada la tecla número 1
2014-12-11 03:40:55.995000:precionada la tecla número 0
2014-12-11 03:40:56.523000:precionada la tecla número 0
2014-12-11 03:40:57.051000:precionada la tecla número 0
2014-12-11 03:40:57.547000:precionada la tecla número 0
2014-12-11 03:40:58.043000:precionada la tecla número 2
2014-12-11 03:40:58.539000:precionada la tecla número 1
2014-12-11 03:40:58.795000:precionada la tecla número 2
2014-12-11 03:40:59.531000:precionada la tecla número 1
2014-12-11 03:40:59.995000:precionada la tecla número 2
2014-12-11 03:41:00.555000:precionada la tecla número 1
2014-12-11 03:41:00.763000:precionada la tecla número 2
2014-12-11 03:41:01.467000:precionada la tecla número 1
2014-12-11 03:41:01.659000:precionada la tecla número 1
2014-12-11 03:41:02.043000:precionada la tecla número 2
2014-12-11 03:41:02.555000:precionada la tecla número 1
2014-12-11 03:41:02.940000:precionada la tecla número 2
2014-12-11 03:41:03.596000:precionada la tecla número 1
2014-12-11 03:41:04.012000:precionada la tecla número 2
2014-12-11 03:41:04.524000:precionada la tecla número 1
2014-12-11 03:41:04.748000:precionada la tecla número 2
2014-12-11 03:41:05.308000:precionada la tecla número 1
2014-12-11 03:41:05.516000:precionada la tecla número 0
2014-12-11 03:41:06.028000:precionada la tecla número 2
2014-12-11 03:41:06.524000:precionada la tecla número 1
2014-12-11 03:41:06.844000:precionada la tecla número 2
2014-12-11 03:41:07.500000:precionada la tecla número 1
2014-12-11 03:41:07.980000:precionada la tecla número 2
2014-12-11 03:41:08.491000:precionada la tecla número 1
2014-12-11 03:41:08.971000:precionada la tecla número 2
2014-12-11 03:41:09.499000:precionada la tecla número 1
2014-12-11 03:41:10.043000:precionada la tecla número 1
2014-12-11 03:41:10.491000:precionada la tecla número 1
2014-12-11 03:41:11.003000:precionada la tecla número 1
2014-12-11 03:41:11.515000:precionada la tecla número 1
2014-12-11 03:41:11.995000:precionada la tecla número 0
2014-12-11 03:41:12.491000:precionada la tecla número 0
2014-12-11 03:41:13.019000:precionada la tecla número 0
2014-12-11 03:41:13.579000:precionada la tecla número 3
2014-12-11 03:41:13.595000:precionada la tecla número 1
2014-12-11 03:41:14.075000:precionada la tecla número 3
2014-12-11 03:41:14.091000:precionada la tecla número 1
